<?xml version="1.0" encoding="UTF-8"?>
<!-- Generated by org.testng.reporters.JUnitReportReporter -->
<testsuite skipped="0" hostname="DESKTOP-5EESGLJ" name="log4jpackage.testlog4j" tests="1" failures="0" timestamp="10 Nov 2017 14:00:13 GMT" time="0.056" errors="0">
  <testcase name="testLogin" time="0.056" classname="log4jpackage.testlog4j"/>
</testsuite> <!-- log4jpackage.testlog4j -->
