<?xml version="1.0" encoding="UTF-8"?>
<!-- Generated by org.testng.reporters.JUnitReportReporter -->
<testsuite skipped="0" hostname="DESKTOP-5EESGLJ" name="EcxtentReportsClass" tests="2" failures="0" timestamp="10 Nov 2017 13:02:24 GMT" time="0.014" errors="0">
  <testcase name="login" time="0.011" classname="EcxtentReportsClass"/>
  <testcase name="login1" time="0.003" classname="EcxtentReportsClass"/>
</testsuite> <!-- EcxtentReportsClass -->
